<?xml version="1.0" encoding="UTF-8"?>
<testsuite name="org.hine.easy.LoggerTest" tests="1" skipped="0" failures="0" errors="0" timestamp="2024-02-26T21:12:03" hostname="LAPTOP-4LU2DJME" time="0.023">
  <properties/>
  <testcase name="testLogger()" classname="org.hine.easy.LoggerTest" time="0.023"/>
  <system-out><![CDATA[]]></system-out>
  <system-err><![CDATA[]]></system-err>
</testsuite>
