<?xml version="1.0" encoding="UTF-8"?>
<testsuite name="org.hine.easy.UniqueOccurrencesTest" tests="1" skipped="0" failures="0" errors="0" timestamp="2024-02-24T22:35:44" hostname="LAPTOP-4LU2DJME" time="0.018">
  <properties/>
  <testcase name="testUniqueOccurrences()" classname="org.hine.easy.UniqueOccurrencesTest" time="0.018"/>
  <system-out><![CDATA[]]></system-out>
  <system-err><![CDATA[]]></system-err>
</testsuite>
