<?xml version="1.0" encoding="UTF-8"?>
<testsuite name="org.hine.easy.ValidAnagramTest" tests="1" skipped="0" failures="0" errors="0" timestamp="2024-02-25T20:01:14" hostname="LAPTOP-4LU2DJME" time="0.019">
  <properties/>
  <testcase name="testValidAnagram()" classname="org.hine.easy.ValidAnagramTest" time="0.019"/>
  <system-out><![CDATA[]]></system-out>
  <system-err><![CDATA[]]></system-err>
</testsuite>
